/bin/sh: names_../lib1_Single_Variants_v1.fasta: No such file or directory
condition0_barcode01.fastq.gz
Traceback (most recent call last):
  File "/ihome/ckaplan/amv69/Github/compare3.py", line 30, in <module>
    subprocess.call("diff names_" + fasta + "uniq_" + outFile + "> " + missFile)
  File "/ihome/ckaplan/amv69/miniconda3/envs/rnaseq/lib/python3.6/subprocess.py", line 267, in call
    with Popen(*popenargs, **kwargs) as p:
  File "/ihome/ckaplan/amv69/miniconda3/envs/rnaseq/lib/python3.6/subprocess.py", line 709, in __init__
    restore_signals, start_new_session)
  File "/ihome/ckaplan/amv69/miniconda3/envs/rnaseq/lib/python3.6/subprocess.py", line 1344, in _execute_child
    raise child_exception_type(errno_num, err_msg, err_filename)
FileNotFoundError: [Errno 2] No such file or directory: 'diff names_../lib1_Single_Variants_v1.fastauniq_condition0_barcode01_match.txt> condition0_barcode01_miss.txt': 'diff names_../lib1_Single_Variants_v1.fastauniq_condition0_barcode01_match.txt> condition0_barcode01_miss.txt'
slurmstepd: error: *** JOB 340930 ON n418 CANCELLED AT 2019-10-08T11:00:18 DUE TO TIME LIMIT ***
